2025-04-04 13:28:03,401 - reorganize - INFO - Starting repository reorganization
2025-04-04 13:28:03,401 - reorganize - INFO - Running phase: core
2025-04-04 13:28:03,401 - reorganize - INFO - === PHASE: CORE ===
2025-04-04 13:28:03,401 - reorganize - INFO - Moving models module files
2025-04-04 13:28:03,401 - reorganize - INFO - Running command: python scripts/move_files.py --verbose models
2025-04-04 13:28:03,458 - reorganize - INFO - Command output:

2025-04-04 13:28:03,459 - reorganize - INFO - Moving controller module files
2025-04-04 13:28:03,459 - reorganize - INFO - Running command: python scripts/move_files.py --verbose controller
2025-04-04 13:28:03,506 - reorganize - INFO - Command output:

2025-04-04 13:28:03,507 - reorganize - INFO - Moving pruning module files
2025-04-04 13:28:03,507 - reorganize - INFO - Running command: python scripts/move_files.py --verbose pruning
2025-04-04 13:28:03,560 - reorganize - INFO - Command output:

2025-04-04 13:28:03,560 - reorganize - INFO - Moving adaptive module files
2025-04-04 13:28:03,560 - reorganize - INFO - Running command: python scripts/move_files.py --verbose adaptive
2025-04-04 13:28:03,607 - reorganize - INFO - Command output:

2025-04-04 13:28:03,608 - reorganize - INFO - Moving data module files
2025-04-04 13:28:03,608 - reorganize - INFO - Running command: python scripts/move_files.py --verbose data
2025-04-04 13:28:03,659 - reorganize - INFO - Command output:

2025-04-04 13:28:03,660 - reorganize - INFO - 
=== Reorganization Summary ===
2025-04-04 13:28:03,660 - reorganize - INFO - core: SUCCESS
2025-04-04 13:28:03,660 - reorganize - INFO - All phases completed successfully
